#
# There is insufficient memory for the Java Runtime Environment to continue.
# Cannot create GC thread. Out of system resources.
# Possible reasons:
#   The system is out of physical RAM or swap space
#   In 32 bit mode, the process size limit was hit
# Possible solutions:
#   Reduce memory load on the system
#   Increase physical memory or swap space
#   Check if swap backing store is full
#   Use 64 bit Java on a 64 bit OS
#   Decrease Java heap size (-Xmx/-Xms)
#   Decrease number of Java threads
#   Decrease Java thread stack sizes (-Xss)
#   Set larger code cache with -XX:ReservedCodeCacheSize=
# This output file may be truncated or incomplete.
#
#  Out of Memory Error (gcTaskThread.cpp:48), pid=13268, tid=140624741127936
#
# JRE version:  (8.0_66-b17) (build )
# Java VM: Java HotSpot(TM) 64-Bit Server VM (25.66-b17 mixed mode linux-amd64 compressed oops)
# Failed to write core dump. Core dumps have been disabled. To enable core dumping, try "ulimit -c unlimited" before starting Java again
#

---------------  T H R E A D  ---------------

Current thread (0x00007fe5b8007800):  JavaThread "Unknown thread" [_thread_in_vm, id=13271, stack(0x00007fe5bfadd000,0x00007fe5bfbde000)]

Stack: [0x00007fe5bfadd000,0x00007fe5bfbde000],  sp=0x00007fe5bfbdc5e0,  free space=1021k
Native frames: (J=compiled Java code, j=interpreted, Vv=VM code, C=native code)
V  [libjvm.so+0xab9a1a]  VMError::report_and_die()+0x2ba
V  [libjvm.so+0x4f9e0b]  report_vm_out_of_memory(char const*, int, unsigned long, VMErrorType, char const*)+0x8b
V  [libjvm.so+0x5d37bf]  GCTaskThread::GCTaskThread(GCTaskManager*, unsigned int, unsigned int)+0x15f
V  [libjvm.so+0x5d257b]  GCTaskManager::initialize()+0x3ab
V  [libjvm.so+0x93dd3d]  ParallelScavengeHeap::initialize()+0x34d
V  [libjvm.so+0xa8224b]  Universe::initialize_heap()+0xfb
V  [libjvm.so+0xa825be]  universe_init()+0x3e
V  [libjvm.so+0x6388f5]  init_globals()+0x65
V  [libjvm.so+0xa667be]  Threads::create_vm(JavaVMInitArgs*, bool*)+0x23e
V  [libjvm.so+0x6cce14]  JNI_CreateJavaVM+0x74
C  [libjli.so+0x745e]  JavaMain+0x9e
C  [libpthread.so.0+0x76fa]  start_thread+0xca


---------------  P R O C E S S  ---------------

Java Threads: ( => current thread )

Other Threads:

=>0x00007fe5b8007800 (exited) JavaThread "Unknown thread" [_thread_in_vm, id=13271, stack(0x00007fe5bfadd000,0x00007fe5bfbde000)]

VM state:not at safepoint (not fully initialized)

VM Mutex/Monitor currently owned by a thread: None

GC Heap History (0 events):
No events

Deoptimization events (0 events):
No events

Internal exceptions (0 events):
No events

Events (0 events):
No events


Dynamic libraries:
00400000-00401000 r-xp 00000000 00:2f 8239748                            /packages/run.64/jdk-1.8.0/jdk1.8.0_66/jre/bin/java
00600000-00601000 rw-p 00000000 00:2f 8239748                            /packages/run.64/jdk-1.8.0/jdk1.8.0_66/jre/bin/java
01581000-015a2000 rw-p 00000000 00:00 0                                  [heap]
6c9e00000-6d4380000 rw-p 00000000 00:00 0 
6d4380000-76df80000 ---p 00000000 00:00 0 
76df80000-773200000 rw-p 00000000 00:00 0 
773200000-7c0000000 ---p 00000000 00:00 0 
7fe5a9000000-7fe5a9270000 rwxp 00000000 00:00 0 
7fe5a9270000-7fe5b8000000 ---p 00000000 00:00 0 
7fe5b8000000-7fe5b8324000 rw-p 00000000 00:00 0 
7fe5b8324000-7fe5bc000000 ---p 00000000 00:00 0 
7fe5bc185000-7fe5bc31b000 rw-p 00000000 00:00 0 
7fe5bc31b000-7fe5bc31c000 ---p 00000000 00:00 0 
7fe5bc31c000-7fe5bc46f000 rw-p 00000000 00:00 0 
7fe5bc46f000-7fe5bc93d000 ---p 00000000 00:00 0 
7fe5bc93d000-7fe5bc990000 rw-p 00000000 00:00 0 
7fe5bc990000-7fe5bce5d000 ---p 00000000 00:00 0 
7fe5bce5d000-7fe5bce87000 rw-p 00000000 00:00 0 
7fe5bce87000-7fe5bd0ee000 ---p 00000000 00:00 0 
7fe5bd0ee000-7fe5bd0f9000 rw-p 00000000 00:00 0 
7fe5bd0f9000-7fe5bd4af000 ---p 00000000 00:00 0 
7fe5bd4af000-7fe5bd4c9000 r-xp 00000000 00:2f 8239974                    /packages/run.64/jdk-1.8.0/jdk1.8.0_66/jre/lib/amd64/libzip.so
7fe5bd4c9000-7fe5bd6c9000 ---p 0001a000 00:2f 8239974                    /packages/run.64/jdk-1.8.0/jdk1.8.0_66/jre/lib/amd64/libzip.so
7fe5bd6c9000-7fe5bd6ca000 rw-p 0001a000 00:2f 8239974                    /packages/run.64/jdk-1.8.0/jdk1.8.0_66/jre/lib/amd64/libzip.so
7fe5bd6ca000-7fe5bd6f4000 r-xp 00000000 00:2f 8239969                    /packages/run.64/jdk-1.8.0/jdk1.8.0_66/jre/lib/amd64/libjava.so
7fe5bd6f4000-7fe5bd8f4000 ---p 0002a000 00:2f 8239969                    /packages/run.64/jdk-1.8.0/jdk1.8.0_66/jre/lib/amd64/libjava.so
7fe5bd8f4000-7fe5bd8f6000 rw-p 0002a000 00:2f 8239969                    /packages/run.64/jdk-1.8.0/jdk1.8.0_66/jre/lib/amd64/libjava.so
7fe5bd8f6000-7fe5bd903000 r-xp 00000000 00:2f 8239973                    /packages/run.64/jdk-1.8.0/jdk1.8.0_66/jre/lib/amd64/libverify.so
7fe5bd903000-7fe5bdb03000 ---p 0000d000 00:2f 8239973                    /packages/run.64/jdk-1.8.0/jdk1.8.0_66/jre/lib/amd64/libverify.so
7fe5bdb03000-7fe5bdb05000 rw-p 0000d000 00:2f 8239973                    /packages/run.64/jdk-1.8.0/jdk1.8.0_66/jre/lib/amd64/libverify.so
7fe5bdb05000-7fe5bdb0c000 r-xp 00000000 08:01 261672                     /lib/x86_64-linux-gnu/librt-2.23.so
7fe5bdb0c000-7fe5bdd0b000 ---p 00007000 08:01 261672                     /lib/x86_64-linux-gnu/librt-2.23.so
7fe5bdd0b000-7fe5bdd0c000 r--p 00006000 08:01 261672                     /lib/x86_64-linux-gnu/librt-2.23.so
7fe5bdd0c000-7fe5bdd0d000 rw-p 00007000 08:01 261672                     /lib/x86_64-linux-gnu/librt-2.23.so
7fe5bdd0d000-7fe5bde15000 r-xp 00000000 08:01 261669                     /lib/x86_64-linux-gnu/libm-2.23.so
7fe5bde15000-7fe5be014000 ---p 00108000 08:01 261669                     /lib/x86_64-linux-gnu/libm-2.23.so
7fe5be014000-7fe5be015000 r--p 00107000 08:01 261669                     /lib/x86_64-linux-gnu/libm-2.23.so
7fe5be015000-7fe5be016000 rw-p 00108000 08:01 261669                     /lib/x86_64-linux-gnu/libm-2.23.so
7fe5be016000-7fe5becd4000 r-xp 00000000 00:2f 8239952                    /packages/run.64/jdk-1.8.0/jdk1.8.0_66/jre/lib/amd64/server/libjvm.so
7fe5becd4000-7fe5beed3000 ---p 00cbe000 00:2f 8239952                    /packages/run.64/jdk-1.8.0/jdk1.8.0_66/jre/lib/amd64/server/libjvm.so
7fe5beed3000-7fe5befac000 rw-p 00cbd000 00:2f 8239952                    /packages/run.64/jdk-1.8.0/jdk1.8.0_66/jre/lib/amd64/server/libjvm.so
7fe5befac000-7fe5beff0000 rw-p 00000000 00:00 0 
7fe5beff0000-7fe5bf1b0000 r-xp 00000000 08:01 261677                     /lib/x86_64-linux-gnu/libc-2.23.so
7fe5bf1b0000-7fe5bf3af000 ---p 001c0000 08:01 261677                     /lib/x86_64-linux-gnu/libc-2.23.so
7fe5bf3af000-7fe5bf3b3000 r--p 001bf000 08:01 261677                     /lib/x86_64-linux-gnu/libc-2.23.so
7fe5bf3b3000-7fe5bf3b5000 rw-p 001c3000 08:01 261677                     /lib/x86_64-linux-gnu/libc-2.23.so
7fe5bf3b5000-7fe5bf3b9000 rw-p 00000000 00:00 0 
7fe5bf3b9000-7fe5bf3bc000 r-xp 00000000 08:01 261678                     /lib/x86_64-linux-gnu/libdl-2.23.so
7fe5bf3bc000-7fe5bf5bb000 ---p 00003000 08:01 261678                     /lib/x86_64-linux-gnu/libdl-2.23.so
7fe5bf5bb000-7fe5bf5bc000 r--p 00002000 08:01 261678                     /lib/x86_64-linux-gnu/libdl-2.23.so
7fe5bf5bc000-7fe5bf5bd000 rw-p 00003000 08:01 261678                     /lib/x86_64-linux-gnu/libdl-2.23.so
7fe5bf5bd000-7fe5bf5d2000 r-xp 00000000 00:2f 8239948                    /packages/run.64/jdk-1.8.0/jdk1.8.0_66/jre/lib/amd64/jli/libjli.so
7fe5bf5d2000-7fe5bf7d2000 ---p 00015000 00:2f 8239948                    /packages/run.64/jdk-1.8.0/jdk1.8.0_66/jre/lib/amd64/jli/libjli.so
7fe5bf7d2000-7fe5bf7d3000 rw-p 00015000 00:2f 8239948                    /packages/run.64/jdk-1.8.0/jdk1.8.0_66/jre/lib/amd64/jli/libjli.so
7fe5bf7d3000-7fe5bf7eb000 r-xp 00000000 08:01 261676                     /lib/x86_64-linux-gnu/libpthread-2.23.so
7fe5bf7eb000-7fe5bf9ea000 ---p 00018000 08:01 261676                     /lib/x86_64-linux-gnu/libpthread-2.23.so
7fe5bf9ea000-7fe5bf9eb000 r--p 00017000 08:01 261676                     /lib/x86_64-linux-gnu/libpthread-2.23.so
7fe5bf9eb000-7fe5bf9ec000 rw-p 00018000 08:01 261676                     /lib/x86_64-linux-gnu/libpthread-2.23.so
7fe5bf9ec000-7fe5bf9f0000 rw-p 00000000 00:00 0 
7fe5bf9f0000-7fe5bfa16000 r-xp 00000000 08:01 261673                     /lib/x86_64-linux-gnu/ld-2.23.so
7fe5bfaa8000-7fe5bfadd000 r--s 00000000 08:01 5101                       /var/cache/nscd/passwd
7fe5bfadd000-7fe5bfae0000 ---p 00000000 00:00 0 
7fe5bfae0000-7fe5bfbe2000 rw-p 00000000 00:00 0 
7fe5bfc09000-7fe5bfc11000 rw-s 00000000 08:06 524839                     /tmp/hsperfdata_xseleng/13268
7fe5bfc11000-7fe5bfc12000 rw-p 00000000 00:00 0 
7fe5bfc12000-7fe5bfc13000 r--p 00000000 00:00 0 
7fe5bfc13000-7fe5bfc15000 rw-p 00000000 00:00 0 
7fe5bfc15000-7fe5bfc16000 r--p 00025000 08:01 261673                     /lib/x86_64-linux-gnu/ld-2.23.so
7fe5bfc16000-7fe5bfc17000 rw-p 00026000 08:01 261673                     /lib/x86_64-linux-gnu/ld-2.23.so
7fe5bfc17000-7fe5bfc18000 rw-p 00000000 00:00 0 
7fff80d8f000-7fff80db0000 rw-p 00000000 00:00 0                          [stack]
7fff80df1000-7fff80df3000 r--p 00000000 00:00 0                          [vvar]
7fff80df3000-7fff80df5000 r-xp 00000000 00:00 0                          [vdso]
ffffffffff600000-ffffffffff601000 r-xp 00000000 00:00 0                  [vsyscall]

VM Arguments:
java_command: /home/xseleng/enterprise-java/xseleng-pa165/target/surefire/surefirebooter2064551227142734248.jar /home/xseleng/enterprise-java/xseleng-pa165/target/surefire/surefire5218273448485217236tmp /home/xseleng/enterprise-java/xseleng-pa165/target/surefire/surefire128727397662565359tmp
java_class_path (initial): /home/xseleng/enterprise-java/xseleng-pa165/target/surefire/surefirebooter2064551227142734248.jar
Launcher Type: SUN_STANDARD

Environment Variables:
JAVA_HOME=/packages/run.64/jdk-1.8.0/current
JRE_HOME=/packages/run.64/jdk-1.8.0/current/jre
PATH=/usr/local/share/Modules/netbeans-8.1/java/maven/bin:/usr/local/share/Modules/netbeans-8.1/bin:/packages/run.64/jdk-1.8.0/current/bin:/packages/run.64/jdk-1.8.0/current/db/bin:/usr/sbin:/sbin:/usr/etc:/usr/local/sbin:/usr/local/bin:/usr/sbin:/usr/bin:/sbin:/bin:/usr/games:/usr/local/games:/snap/bin:/usr/share/man:/usr/X11R6/man:/usr/local/man:/packages/run/modules-2.0/bin:/packages/run.64/links/bin:/packages/run/links/bin
SHELL=/bin/bash
DISPLAY=:0

Signal Handlers:
SIGSEGV: [libjvm.so+0xaba2a0], sa_mask[0]=11111111011111111101111111111110, sa_flags=SA_RESTART|SA_SIGINFO
SIGBUS: [libjvm.so+0xaba2a0], sa_mask[0]=11111111011111111101111111111110, sa_flags=SA_RESTART|SA_SIGINFO
SIGFPE: [libjvm.so+0x917710], sa_mask[0]=11111111011111111101111111111110, sa_flags=SA_RESTART|SA_SIGINFO
SIGPIPE: [libjvm.so+0x917710], sa_mask[0]=11111111011111111101111111111110, sa_flags=SA_RESTART|SA_SIGINFO
SIGXFSZ: [libjvm.so+0x917710], sa_mask[0]=11111111011111111101111111111110, sa_flags=SA_RESTART|SA_SIGINFO
SIGILL: [libjvm.so+0x917710], sa_mask[0]=11111111011111111101111111111110, sa_flags=SA_RESTART|SA_SIGINFO
SIGUSR1: SIG_DFL, sa_mask[0]=00000000000000000000000000000000, sa_flags=none
SIGUSR2: [libjvm.so+0x918d40], sa_mask[0]=00100000000000000000000000000000, sa_flags=SA_RESTART|SA_SIGINFO
SIGHUP: SIG_DFL, sa_mask[0]=00000000000000000000000000000000, sa_flags=none
SIGINT: SIG_DFL, sa_mask[0]=00000000000000000000000000000000, sa_flags=none
SIGTERM: SIG_DFL, sa_mask[0]=00000000000000000000000000000000, sa_flags=none
SIGQUIT: SIG_DFL, sa_mask[0]=00000000000000000000000000000000, sa_flags=none


---------------  S Y S T E M  ---------------

OS:DISTRIB_ID=Ubuntu
DISTRIB_RELEASE=16.04
DISTRIB_CODENAME=xenial
DISTRIB_DESCRIPTION="Ubuntu 16.04.1 LTS"

uname:Linux 4.4.0-36-generic #55-Ubuntu SMP Thu Aug 11 18:01:55 UTC 2016 x86_64
libc:glibc 2.23 NPTL 2.23 
rlimit: STACK 8192k, CORE 0k, NPROC 512, NOFILE 65536, AS infinity
load average:0.46 0.41 0.37

/proc/meminfo:
MemTotal:       16126860 kB
MemFree:         8695700 kB
MemAvailable:   13058392 kB
Buffers:          221448 kB
Cached:          4450292 kB
SwapCached:            0 kB
Active:          4031236 kB
Inactive:        2918968 kB
Active(anon):    2281224 kB
Inactive(anon):   256976 kB
Active(file):    1750012 kB
Inactive(file):  2661992 kB
Unevictable:          32 kB
Mlocked:              32 kB
SwapTotal:             0 kB
SwapFree:              0 kB
Dirty:               304 kB
Writeback:             0 kB
AnonPages:       2278548 kB
Mapped:          1522132 kB
Shmem:            259752 kB
Slab:             337024 kB
SReclaimable:     286840 kB
SUnreclaim:        50184 kB
KernelStack:       11744 kB
PageTables:        63564 kB
NFS_Unstable:         96 kB
Bounce:                0 kB
WritebackTmp:          0 kB
CommitLimit:     8063428 kB
Committed_AS:    7659040 kB
VmallocTotal:   34359738367 kB
VmallocUsed:           0 kB
VmallocChunk:          0 kB
HardwareCorrupted:     0 kB
AnonHugePages:    827392 kB
CmaTotal:              0 kB
CmaFree:               0 kB
HugePages_Total:       0
HugePages_Free:        0
HugePages_Rsvd:        0
HugePages_Surp:        0
Hugepagesize:       2048 kB
DirectMap4k:      155076 kB
DirectMap2M:    16312320 kB


CPU:total 4 (4 cores per cpu, 1 threads per core) family 6 model 58 stepping 9, cmov, cx8, fxsr, mmx, sse, sse2, sse3, ssse3, sse4.1, sse4.2, popcnt, avx, aes, clmul, erms, tsc, tscinvbit, tscinv

/proc/cpuinfo:
processor	: 0
vendor_id	: GenuineIntel
cpu family	: 6
model		: 58
model name	: Intel(R) Core(TM) i5-3470 CPU @ 3.20GHz
stepping	: 9
microcode	: 0x15
cpu MHz		: 3483.500
cache size	: 6144 KB
physical id	: 0
siblings	: 4
core id		: 0
cpu cores	: 4
apicid		: 0
initial apicid	: 0
fpu		: yes
fpu_exception	: yes
cpuid level	: 13
wp		: yes
flags		: fpu vme de pse tsc msr pae mce cx8 apic sep mtrr pge mca cmov pat pse36 clflush dts acpi mmx fxsr sse sse2 ss ht tm pbe syscall nx rdtscp lm constant_tsc arch_perfmon pebs bts rep_good nopl xtopology nonstop_tsc aperfmperf eagerfpu pni pclmulqdq dtes64 monitor ds_cpl vmx smx est tm2 ssse3 cx16 xtpr pdcm pcid sse4_1 sse4_2 x2apic popcnt tsc_deadline_timer aes xsave avx f16c rdrand lahf_lm epb tpr_shadow vnmi flexpriority ept vpid fsgsbase smep erms xsaveopt dtherm ida arat pln pts
bugs		:
bogomips	: 6385.79
clflush size	: 64
cache_alignment	: 64
address sizes	: 36 bits physical, 48 bits virtual
power management:

processor	: 1
vendor_id	: GenuineIntel
cpu family	: 6
model		: 58
model name	: Intel(R) Core(TM) i5-3470 CPU @ 3.20GHz
stepping	: 9
microcode	: 0x15
cpu MHz		: 3400.250
cache size	: 6144 KB
physical id	: 0
siblings	: 4
core id		: 1
cpu cores	: 4
apicid		: 2
initial apicid	: 2
fpu		: yes
fpu_exception	: yes
cpuid level	: 13
wp		: yes
flags		: fpu vme de pse tsc msr pae mce cx8 apic sep mtrr pge mca cmov pat pse36 clflush dts acpi mmx fxsr sse sse2 ss ht tm pbe syscall nx rdtscp lm constant_tsc arch_perfmon pebs bts rep_good nopl xtopology nonstop_tsc aperfmperf eagerfpu pni pclmulqdq dtes64 monitor ds_cpl vmx smx est tm2 ssse3 cx16 xtpr pdcm pcid sse4_1 sse4_2 x2apic popcnt tsc_deadline_timer aes xsave avx f16c rdrand lahf_lm epb tpr_shadow vnmi flexpriority ept vpid fsgsbase smep erms xsaveopt dtherm ida arat pln pts
bugs		:
bogomips	: 6385.79
clflush size	: 64
cache_alignment	: 64
address sizes	: 36 bits physical, 48 bits virtual
power management:

processor	: 2
vendor_id	: GenuineIntel
cpu family	: 6
model		: 58
model name	: Intel(R) Core(TM) i5-3470 CPU @ 3.20GHz
stepping	: 9
microcode	: 0x15
cpu MHz		: 3508.375
cache size	: 6144 KB
physical id	: 0
siblings	: 4
core id		: 2
cpu cores	: 4
apicid		: 4
initial apicid	: 4
fpu		: yes
fpu_exception	: yes
cpuid level	: 13
wp		: yes
flags		: fpu vme de pse tsc msr pae mce cx8 apic sep mtrr pge mca cmov pat pse36 clflush dts acpi mmx fxsr sse sse2 ss ht tm pbe syscall nx rdtscp lm constant_tsc arch_perfmon pebs bts rep_good nopl xtopology nonstop_tsc aperfmperf eagerfpu pni pclmulqdq dtes64 monitor ds_cpl vmx smx est tm2 ssse3 cx16 xtpr pdcm pcid sse4_1 sse4_2 x2apic popcnt tsc_deadline_timer aes xsave avx f16c rdrand lahf_lm epb tpr_shadow vnmi flexpriority ept vpid fsgsbase smep erms xsaveopt dtherm ida arat pln pts
bugs		:
bogomips	: 6385.79
clflush size	: 64
cache_alignment	: 64
address sizes	: 36 bits physical, 48 bits virtual
power management:

processor	: 3
vendor_id	: GenuineIntel
cpu family	: 6
model		: 58
model name	: Intel(R) Core(TM) i5-3470 CPU @ 3.20GHz
stepping	: 9
microcode	: 0x15
cpu MHz		: 3512.250
cache size	: 6144 KB
physical id	: 0
siblings	: 4
core id		: 3
cpu cores	: 4
apicid		: 6
initial apicid	: 6
fpu		: yes
fpu_exception	: yes
cpuid level	: 13
wp		: yes
flags		: fpu vme de pse tsc msr pae mce cx8 apic sep mtrr pge mca cmov pat pse36 clflush dts acpi mmx fxsr sse sse2 ss ht tm pbe syscall nx rdtscp lm constant_tsc arch_perfmon pebs bts rep_good nopl xtopology nonstop_tsc aperfmperf eagerfpu pni pclmulqdq dtes64 monitor ds_cpl vmx smx est tm2 ssse3 cx16 xtpr pdcm pcid sse4_1 sse4_2 x2apic popcnt tsc_deadline_timer aes xsave avx f16c rdrand lahf_lm epb tpr_shadow vnmi flexpriority ept vpid fsgsbase smep erms xsaveopt dtherm ida arat pln pts
bugs		:
bogomips	: 6385.79
clflush size	: 64
cache_alignment	: 64
address sizes	: 36 bits physical, 48 bits virtual
power management:



Memory: 4k page, physical 16126860k(8695700k free), swap 0k(0k free)

vm_info: Java HotSpot(TM) 64-Bit Server VM (25.66-b17) for linux-amd64 JRE (1.8.0_66-b17), built on Oct  6 2015 17:28:34 by "java_re" with gcc 4.3.0 20080428 (Red Hat 4.3.0-8)

time: Tue Sep 20 18:28:43 2016
elapsed time: 0 seconds (0d 0h 0m 0s)

